<?xml version="1.0" encoding="UTF-8"?>
<testng-results skipped="0" failed="0" ignored="0" total="1" passed="1">
  <reporter-output>
  </reporter-output>
  <suite name="Default suite" duration-ms="13268" started-at="2020-11-15T04:01:35 EST" finished-at="2020-11-15T04:01:49 EST">
    <groups>
    </groups>
    <test name="Default test" duration-ms="13268" started-at="2020-11-15T04:01:35 EST" finished-at="2020-11-15T04:01:49 EST">
      <class name="test.AddCustomerTest">
        <test-method status="PASS" signature="UserShouldBeAbleToAddCustomer()[pri:0, instance:test.AddCustomerTest@68bbe345]" name="UserShouldBeAbleToAddCustomer" duration-ms="13228" started-at="2020-11-15T04:01:35 EST" finished-at="2020-11-15T04:01:49 EST">
          <reporter-output>
          </reporter-output>
        </test-method> <!-- UserShouldBeAbleToAddCustomer -->
      </class> <!-- test.AddCustomerTest -->
    </test> <!-- Default test -->
  </suite> <!-- Default suite -->
</testng-results>
